21-06-13 org.apache.ibatis.logging.LogFactory Logging initialized using 'class org.apache.ibatis.logging.log4j.Log4jImpl' adapter.
21-06-13 org.apache.ibatis.logging.LogFactory Logging initialized using 'class org.apache.ibatis.logging.log4j.Log4jImpl' adapter.
21-06-13 org.apache.ibatis.datasource.pooled.PooledDataSource PooledDataSource forcefully closed/removed all connections.
21-06-13 org.apache.ibatis.datasource.pooled.PooledDataSource PooledDataSource forcefully closed/removed all connections.
21-06-13 org.apache.ibatis.datasource.pooled.PooledDataSource PooledDataSource forcefully closed/removed all connections.
21-06-13 org.apache.ibatis.datasource.pooled.PooledDataSource PooledDataSource forcefully closed/removed all connections.
21-06-13 org.apache.ibatis.logging.LogFactory Logging initialized using 'class org.apache.ibatis.logging.log4j.Log4jImpl' adapter.
21-06-13 org.apache.ibatis.logging.LogFactory Logging initialized using 'class org.apache.ibatis.logging.log4j.Log4jImpl' adapter.
21-06-13 org.apache.ibatis.datasource.pooled.PooledDataSource PooledDataSource forcefully closed/removed all connections.
21-06-13 org.apache.ibatis.datasource.pooled.PooledDataSource PooledDataSource forcefully closed/removed all connections.
21-06-13 org.apache.ibatis.datasource.pooled.PooledDataSource PooledDataSource forcefully closed/removed all connections.
21-06-13 org.apache.ibatis.datasource.pooled.PooledDataSource PooledDataSource forcefully closed/removed all connections.
21-06-13 org.apache.ibatis.logging.LogFactory Logging initialized using 'class org.apache.ibatis.logging.log4j.Log4jImpl' adapter.
21-06-13 org.apache.ibatis.logging.LogFactory Logging initialized using 'class org.apache.ibatis.logging.log4j.Log4jImpl' adapter.
21-06-13 org.apache.ibatis.datasource.pooled.PooledDataSource PooledDataSource forcefully closed/removed all connections.
21-06-13 org.apache.ibatis.datasource.pooled.PooledDataSource PooledDataSource forcefully closed/removed all connections.
21-06-13 org.apache.ibatis.datasource.pooled.PooledDataSource PooledDataSource forcefully closed/removed all connections.
21-06-13 org.apache.ibatis.datasource.pooled.PooledDataSource PooledDataSource forcefully closed/removed all connections.
21-06-13 org.apache.ibatis.logging.LogFactory Logging initialized using 'class org.apache.ibatis.logging.log4j.Log4jImpl' adapter.
21-06-13 org.apache.ibatis.logging.LogFactory Logging initialized using 'class org.apache.ibatis.logging.log4j.Log4jImpl' adapter.
21-06-13 org.apache.ibatis.datasource.pooled.PooledDataSource PooledDataSource forcefully closed/removed all connections.
21-06-13 org.apache.ibatis.datasource.pooled.PooledDataSource PooledDataSource forcefully closed/removed all connections.
21-06-13 org.apache.ibatis.datasource.pooled.PooledDataSource PooledDataSource forcefully closed/removed all connections.
21-06-13 org.apache.ibatis.datasource.pooled.PooledDataSource PooledDataSource forcefully closed/removed all connections.
21-06-13 org.apache.ibatis.logging.LogFactory Logging initialized using 'class org.apache.ibatis.logging.log4j.Log4jImpl' adapter.
21-06-13 org.apache.ibatis.logging.LogFactory Logging initialized using 'class org.apache.ibatis.logging.log4j.Log4jImpl' adapter.
21-06-13 org.apache.ibatis.datasource.pooled.PooledDataSource PooledDataSource forcefully closed/removed all connections.
21-06-13 org.apache.ibatis.datasource.pooled.PooledDataSource PooledDataSource forcefully closed/removed all connections.
21-06-13 org.apache.ibatis.datasource.pooled.PooledDataSource PooledDataSource forcefully closed/removed all connections.
21-06-13 org.apache.ibatis.datasource.pooled.PooledDataSource PooledDataSource forcefully closed/removed all connections.
21-06-13 org.apache.ibatis.logging.LogFactory Logging initialized using 'class org.apache.ibatis.logging.log4j.Log4jImpl' adapter.
21-06-13 org.apache.ibatis.logging.LogFactory Logging initialized using 'class org.apache.ibatis.logging.log4j.Log4jImpl' adapter.
21-06-13 org.apache.ibatis.datasource.pooled.PooledDataSource PooledDataSource forcefully closed/removed all connections.
21-06-13 org.apache.ibatis.datasource.pooled.PooledDataSource PooledDataSource forcefully closed/removed all connections.
21-06-13 org.apache.ibatis.datasource.pooled.PooledDataSource PooledDataSource forcefully closed/removed all connections.
21-06-13 org.apache.ibatis.datasource.pooled.PooledDataSource PooledDataSource forcefully closed/removed all connections.
21-06-13 org.apache.ibatis.transaction.jdbc.JdbcTransaction Opening JDBC Connection
21-06-13 org.apache.ibatis.datasource.pooled.PooledDataSource Created connection 1431530910.
21-06-13 org.apache.ibatis.transaction.jdbc.JdbcTransaction Setting autocommit to false on JDBC Connection [com.mysql.jdbc.JDBC4Connection@55536d9e]
21-06-13 dao.StudentMapper.queryForListStu ==>  Preparing: select sid,name,tid from mybatis.student 
21-06-13 dao.StudentMapper.queryForListStu ==> Parameters: 
21-06-13 org.apache.ibatis.logging.LogFactory Logging initialized using 'class org.apache.ibatis.logging.log4j.Log4jImpl' adapter.
21-06-13 org.apache.ibatis.logging.LogFactory Logging initialized using 'class org.apache.ibatis.logging.log4j.Log4jImpl' adapter.
21-06-13 org.apache.ibatis.datasource.pooled.PooledDataSource PooledDataSource forcefully closed/removed all connections.
21-06-13 org.apache.ibatis.datasource.pooled.PooledDataSource PooledDataSource forcefully closed/removed all connections.
21-06-13 org.apache.ibatis.datasource.pooled.PooledDataSource PooledDataSource forcefully closed/removed all connections.
21-06-13 org.apache.ibatis.datasource.pooled.PooledDataSource PooledDataSource forcefully closed/removed all connections.
21-06-13 org.apache.ibatis.transaction.jdbc.JdbcTransaction Opening JDBC Connection
21-06-13 org.apache.ibatis.datasource.pooled.PooledDataSource Created connection 1431530910.
21-06-13 org.apache.ibatis.transaction.jdbc.JdbcTransaction Setting autocommit to false on JDBC Connection [com.mysql.jdbc.JDBC4Connection@55536d9e]
21-06-13 dao.StudentMapper.queryForListStu ==>  Preparing: select sid,name,tid from mybatis.student 
21-06-13 dao.StudentMapper.queryForListStu ==> Parameters: 
21-06-13 org.apache.ibatis.logging.LogFactory Logging initialized using 'class org.apache.ibatis.logging.log4j.Log4jImpl' adapter.
21-06-13 org.apache.ibatis.logging.LogFactory Logging initialized using 'class org.apache.ibatis.logging.log4j.Log4jImpl' adapter.
21-06-13 org.apache.ibatis.datasource.pooled.PooledDataSource PooledDataSource forcefully closed/removed all connections.
21-06-13 org.apache.ibatis.datasource.pooled.PooledDataSource PooledDataSource forcefully closed/removed all connections.
21-06-13 org.apache.ibatis.datasource.pooled.PooledDataSource PooledDataSource forcefully closed/removed all connections.
21-06-13 org.apache.ibatis.datasource.pooled.PooledDataSource PooledDataSource forcefully closed/removed all connections.
21-06-13 org.apache.ibatis.transaction.jdbc.JdbcTransaction Opening JDBC Connection
21-06-13 org.apache.ibatis.datasource.pooled.PooledDataSource Created connection 1431530910.
21-06-13 org.apache.ibatis.transaction.jdbc.JdbcTransaction Setting autocommit to false on JDBC Connection [com.mysql.jdbc.JDBC4Connection@55536d9e]
21-06-13 dao.StudentMapper.queryForListStu ==>  Preparing: select sid,name,tid from mybatis.student 
21-06-13 dao.StudentMapper.queryForListStu ==> Parameters: 
21-06-13 org.apache.ibatis.logging.LogFactory Logging initialized using 'class org.apache.ibatis.logging.log4j.Log4jImpl' adapter.
21-06-13 org.apache.ibatis.logging.LogFactory Logging initialized using 'class org.apache.ibatis.logging.log4j.Log4jImpl' adapter.
21-06-13 org.apache.ibatis.datasource.pooled.PooledDataSource PooledDataSource forcefully closed/removed all connections.
21-06-13 org.apache.ibatis.datasource.pooled.PooledDataSource PooledDataSource forcefully closed/removed all connections.
21-06-13 org.apache.ibatis.datasource.pooled.PooledDataSource PooledDataSource forcefully closed/removed all connections.
21-06-13 org.apache.ibatis.datasource.pooled.PooledDataSource PooledDataSource forcefully closed/removed all connections.
21-06-13 org.apache.ibatis.transaction.jdbc.JdbcTransaction Opening JDBC Connection
21-06-13 org.apache.ibatis.datasource.pooled.PooledDataSource Created connection 1431530910.
21-06-13 org.apache.ibatis.transaction.jdbc.JdbcTransaction Setting autocommit to false on JDBC Connection [com.mysql.jdbc.JDBC4Connection@55536d9e]
21-06-13 dao.StudentMapper.queryForListStu ==>  Preparing: select sid,name,tid from mybatis.student 
21-06-13 dao.StudentMapper.queryForListStu ==> Parameters: 
21-06-13 org.apache.ibatis.logging.LogFactory Logging initialized using 'class org.apache.ibatis.logging.log4j.Log4jImpl' adapter.
21-06-13 org.apache.ibatis.logging.LogFactory Logging initialized using 'class org.apache.ibatis.logging.log4j.Log4jImpl' adapter.
21-06-13 org.apache.ibatis.datasource.pooled.PooledDataSource PooledDataSource forcefully closed/removed all connections.
21-06-13 org.apache.ibatis.datasource.pooled.PooledDataSource PooledDataSource forcefully closed/removed all connections.
21-06-13 org.apache.ibatis.datasource.pooled.PooledDataSource PooledDataSource forcefully closed/removed all connections.
21-06-13 org.apache.ibatis.datasource.pooled.PooledDataSource PooledDataSource forcefully closed/removed all connections.
21-06-13 org.apache.ibatis.transaction.jdbc.JdbcTransaction Opening JDBC Connection
21-06-13 org.apache.ibatis.datasource.pooled.PooledDataSource Created connection 1431530910.
21-06-13 org.apache.ibatis.transaction.jdbc.JdbcTransaction Setting autocommit to false on JDBC Connection [com.mysql.jdbc.JDBC4Connection@55536d9e]
21-06-13 dao.StudentMapper.queryForListStu ==>  Preparing: select sid,name,tid from mybatis.student 
21-06-13 dao.StudentMapper.queryForListStu ==> Parameters: 
21-06-13 dao.StudentMapper.queryForListTea ====>  Preparing: select * from mybatis.teacher where teacherid=? 
21-06-13 dao.StudentMapper.queryForListTea ====> Parameters: 1(Integer)
21-06-13 dao.StudentMapper.queryForListTea <====      Total: 1
21-06-13 dao.StudentMapper.queryForListStu <==      Total: 4
21-06-13 org.apache.ibatis.transaction.jdbc.JdbcTransaction Resetting autocommit to true on JDBC Connection [com.mysql.jdbc.JDBC4Connection@55536d9e]
21-06-13 org.apache.ibatis.transaction.jdbc.JdbcTransaction Closing JDBC Connection [com.mysql.jdbc.JDBC4Connection@55536d9e]
21-06-13 org.apache.ibatis.datasource.pooled.PooledDataSource Returned connection 1431530910 to pool.
21-06-13 org.apache.ibatis.logging.LogFactory Logging initialized using 'class org.apache.ibatis.logging.log4j.Log4jImpl' adapter.
21-06-13 org.apache.ibatis.logging.LogFactory Logging initialized using 'class org.apache.ibatis.logging.log4j.Log4jImpl' adapter.
21-06-13 org.apache.ibatis.datasource.pooled.PooledDataSource PooledDataSource forcefully closed/removed all connections.
21-06-13 org.apache.ibatis.datasource.pooled.PooledDataSource PooledDataSource forcefully closed/removed all connections.
21-06-13 org.apache.ibatis.datasource.pooled.PooledDataSource PooledDataSource forcefully closed/removed all connections.
21-06-13 org.apache.ibatis.datasource.pooled.PooledDataSource PooledDataSource forcefully closed/removed all connections.
21-06-13 org.apache.ibatis.transaction.jdbc.JdbcTransaction Opening JDBC Connection
21-06-13 org.apache.ibatis.datasource.pooled.PooledDataSource Created connection 1431530910.
21-06-13 org.apache.ibatis.transaction.jdbc.JdbcTransaction Setting autocommit to false on JDBC Connection [com.mysql.jdbc.JDBC4Connection@55536d9e]
21-06-13 dao.StudentMapper.queryForListStu ==>  Preparing: select sid,name,tid from mybatis.student 
21-06-13 dao.StudentMapper.queryForListStu ==> Parameters: 
21-06-13 dao.StudentMapper.queryForListTea ====>  Preparing: select * from mybatis.teacher where teacherid=? 
21-06-13 dao.StudentMapper.queryForListTea ====> Parameters: 1(Integer)
21-06-13 dao.StudentMapper.queryForListTea <====      Total: 1
21-06-13 dao.StudentMapper.queryForListStu <==      Total: 4
21-06-13 org.apache.ibatis.transaction.jdbc.JdbcTransaction Resetting autocommit to true on JDBC Connection [com.mysql.jdbc.JDBC4Connection@55536d9e]
21-06-13 org.apache.ibatis.transaction.jdbc.JdbcTransaction Closing JDBC Connection [com.mysql.jdbc.JDBC4Connection@55536d9e]
21-06-13 org.apache.ibatis.datasource.pooled.PooledDataSource Returned connection 1431530910 to pool.
21-06-14 org.apache.ibatis.logging.LogFactory Logging initialized using 'class org.apache.ibatis.logging.log4j.Log4jImpl' adapter.
21-06-14 org.apache.ibatis.logging.LogFactory Logging initialized using 'class org.apache.ibatis.logging.log4j.Log4jImpl' adapter.
21-06-14 org.apache.ibatis.datasource.pooled.PooledDataSource PooledDataSource forcefully closed/removed all connections.
21-06-14 org.apache.ibatis.datasource.pooled.PooledDataSource PooledDataSource forcefully closed/removed all connections.
21-06-14 org.apache.ibatis.datasource.pooled.PooledDataSource PooledDataSource forcefully closed/removed all connections.
21-06-14 org.apache.ibatis.datasource.pooled.PooledDataSource PooledDataSource forcefully closed/removed all connections.
21-06-14 org.apache.ibatis.logging.LogFactory Logging initialized using 'class org.apache.ibatis.logging.log4j.Log4jImpl' adapter.
21-06-14 org.apache.ibatis.logging.LogFactory Logging initialized using 'class org.apache.ibatis.logging.log4j.Log4jImpl' adapter.
21-06-14 org.apache.ibatis.datasource.pooled.PooledDataSource PooledDataSource forcefully closed/removed all connections.
21-06-14 org.apache.ibatis.datasource.pooled.PooledDataSource PooledDataSource forcefully closed/removed all connections.
21-06-14 org.apache.ibatis.datasource.pooled.PooledDataSource PooledDataSource forcefully closed/removed all connections.
21-06-14 org.apache.ibatis.datasource.pooled.PooledDataSource PooledDataSource forcefully closed/removed all connections.
21-06-14 org.apache.ibatis.logging.LogFactory Logging initialized using 'class org.apache.ibatis.logging.log4j.Log4jImpl' adapter.
21-06-14 org.apache.ibatis.logging.LogFactory Logging initialized using 'class org.apache.ibatis.logging.log4j.Log4jImpl' adapter.
21-06-14 org.apache.ibatis.datasource.pooled.PooledDataSource PooledDataSource forcefully closed/removed all connections.
21-06-14 org.apache.ibatis.datasource.pooled.PooledDataSource PooledDataSource forcefully closed/removed all connections.
21-06-14 org.apache.ibatis.datasource.pooled.PooledDataSource PooledDataSource forcefully closed/removed all connections.
21-06-14 org.apache.ibatis.datasource.pooled.PooledDataSource PooledDataSource forcefully closed/removed all connections.
21-06-14 org.apache.ibatis.transaction.jdbc.JdbcTransaction Opening JDBC Connection
21-06-14 org.apache.ibatis.datasource.pooled.PooledDataSource Created connection 1431530910.
21-06-14 org.apache.ibatis.transaction.jdbc.JdbcTransaction Setting autocommit to false on JDBC Connection [com.mysql.jdbc.JDBC4Connection@55536d9e]
21-06-14 dao.StudentMapper.queryForListStu2 ==>  Preparing: select sid,s.name,tid ,t.name from student s,teacher t where tid = teacherid 
21-06-14 dao.StudentMapper.queryForListStu2 ==> Parameters: 
21-06-14 dao.StudentMapper.queryForListStu2 <==      Total: 4
21-06-14 org.apache.ibatis.transaction.jdbc.JdbcTransaction Resetting autocommit to true on JDBC Connection [com.mysql.jdbc.JDBC4Connection@55536d9e]
21-06-14 org.apache.ibatis.transaction.jdbc.JdbcTransaction Closing JDBC Connection [com.mysql.jdbc.JDBC4Connection@55536d9e]
21-06-14 org.apache.ibatis.datasource.pooled.PooledDataSource Returned connection 1431530910 to pool.
